2019-09-23 11:21:30,339 ERROR 10048 [-/127.0.0.1/-/7ms GET /userInfo] nodejs.Error: Please set config.keys first
    at Application.get keys [as keys] (H:\nodejs\eggjs\node_modules\_egg@2.23.0@egg\lib\application.js:266:15)
    at Object.get cookies [as cookies] (H:\nodejs\eggjs\node_modules\_egg@2.23.0@egg\app\extend\context.js:22:66)
    at Object.get [egg-security#CSRF_SECRET] (H:\nodejs\eggjs\node_modules\_egg-security@2.6.1@egg-security\app\extend\context.js:87:33)
    at Object.ensureCsrfSecret (H:\nodejs\eggjs\node_modules\_egg-security@2.6.1@egg-security\app\extend\context.js:98:13)
    at csrf (H:\nodejs\eggjs\node_modules\_egg-security@2.6.1@egg-security\lib\middlewares\csrf.js:15:11)
    at dispatch (H:\nodejs\eggjs\node_modules\_koa-compose@4.1.0@koa-compose\index.js:42:32)
    at H:\nodejs\eggjs\node_modules\_koa-compose@4.1.0@koa-compose\index.js:34:12
    at dispatch (H:\nodejs\eggjs\node_modules\_koa-compose@4.1.0@koa-compose\index.js:42:32)
    at session (H:\nodejs\eggjs\node_modules\_koa-session@5.12.3@koa-session\index.js:41:13)
    at dispatch (H:\nodejs\eggjs\node_modules\_koa-compose@4.1.0@koa-compose\index.js:42:32)

pid: 10048
hostname: USERUQI-2018072801

2019-09-23 11:29:08,904 WARN 11052 [-/127.0.0.1/-/1ms POST /api/user] missing csrf token. See https://eggjs.org/zh-cn/core/security.html#安全威胁csrf的防范
2019-09-23 11:29:08,905 WARN 11052 [-/127.0.0.1/-/2ms POST /api/user] nodejs.ForbiddenError: missing csrf token
    at Object.throw (H:\nodejs\eggjs\node_modules\_koa@2.8.1@koa\lib\context.js:97:11)
    at Object.assertCsrf (H:\nodejs\eggjs\node_modules\_egg-security@2.6.1@egg-security\app\extend\context.js:154:19)
    at csrf (H:\nodejs\eggjs\node_modules\_egg-security@2.6.1@egg-security\lib\middlewares\csrf.js:33:9)
    at dispatch (H:\nodejs\eggjs\node_modules\_koa-compose@4.1.0@koa-compose\index.js:42:32)
    at H:\nodejs\eggjs\node_modules\_koa-compose@4.1.0@koa-compose\index.js:34:12
    at dispatch (H:\nodejs\eggjs\node_modules\_koa-compose@4.1.0@koa-compose\index.js:42:32)
    at session (H:\nodejs\eggjs\node_modules\_koa-session@5.12.3@koa-session\index.js:41:13)
    at dispatch (H:\nodejs\eggjs\node_modules\_koa-compose@4.1.0@koa-compose\index.js:42:32)
    at overrideMethod (H:\nodejs\eggjs\node_modules\_koa-override@3.0.0@koa-override\index.js:38:12)
    at dispatch (H:\nodejs\eggjs\node_modules\_koa-compose@4.1.0@koa-compose\index.js:42:32)
message: "missing csrf token"
pid: 11052
hostname: USERUQI-2018072801

2019-09-23 11:29:54,444 WARN 11052 [-/127.0.0.1/-/0ms POST /api/user] invalid csrf token. See https://eggjs.org/zh-cn/core/security.html#安全威胁csrf的防范
2019-09-23 11:29:54,445 WARN 11052 [-/127.0.0.1/-/1ms POST /api/user] nodejs.ForbiddenError: invalid csrf token
    at Object.throw (H:\nodejs\eggjs\node_modules\_koa@2.8.1@koa\lib\context.js:97:11)
    at Object.assertCsrf (H:\nodejs\eggjs\node_modules\_egg-security@2.6.1@egg-security\app\extend\context.js:163:19)
    at csrf (H:\nodejs\eggjs\node_modules\_egg-security@2.6.1@egg-security\lib\middlewares\csrf.js:33:9)
    at dispatch (H:\nodejs\eggjs\node_modules\_koa-compose@4.1.0@koa-compose\index.js:42:32)
    at H:\nodejs\eggjs\node_modules\_koa-compose@4.1.0@koa-compose\index.js:34:12
    at dispatch (H:\nodejs\eggjs\node_modules\_koa-compose@4.1.0@koa-compose\index.js:42:32)
    at session (H:\nodejs\eggjs\node_modules\_koa-session@5.12.3@koa-session\index.js:41:13)
    at dispatch (H:\nodejs\eggjs\node_modules\_koa-compose@4.1.0@koa-compose\index.js:42:32)
    at overrideMethod (H:\nodejs\eggjs\node_modules\_koa-override@3.0.0@koa-override\index.js:38:12)
    at dispatch (H:\nodejs\eggjs\node_modules\_koa-compose@4.1.0@koa-compose\index.js:42:32)
message: "invalid csrf token"
pid: 11052
hostname: USERUQI-2018072801

